<?xml version="1.0" encoding="UTF-8"?>
<!-- Generated by org.testng.reporters.JUnitReportReporter -->
<testsuite hostname="BDC6-L-FCY7FL3" failures="0" tests="1" name="navigatetosite.printalllinks" time="1.084" errors="0" timestamp="2022-06-23T23:54:47 IST" skipped="0">
  <testcase classname="navigatetosite.printalllinks" name="printalllinksInapplication" time="1.084"/>
  <system-out/>
</testsuite> <!-- navigatetosite.printalllinks -->
