<?xml version="1.0" encoding="UTF-8"?>
<!-- Generated by org.testng.reporters.JUnitReportReporter -->
<testsuite hostname="BDC6-L-FCY7FL3" failures="0" tests="6" name="navigatetosite.BookingHotel" time="2.689" errors="0" timestamp="2022-06-24T01:17:30 IST" skipped="0">
  <testcase classname="navigatetosite.BookingHotel" name="scrollIntoform" time="0.029"/>
  <system-out/>
  <testcase classname="navigatetosite.BookingHotel" name="Click_book_room_link" time="0.144"/>
  <system-out/>
  <testcase classname="navigatetosite.BookingHotel" name="closing_form" time="0.083"/>
  <system-out/>
  <testcase classname="navigatetosite.BookingHotel" name="MonthAndYear" time="0.836"/>
  <system-out/>
  <testcase classname="navigatetosite.BookingHotel" name="SelectDatesAndBookHotel" time="1.496"/>
  <system-out/>
  <testcase classname="navigatetosite.BookingHotel" name="Bookingsuccess" time="0.101"/>
  <system-out/>
</testsuite> <!-- navigatetosite.BookingHotel -->
