<?xml version="1.0" encoding="UTF-8"?>
<!-- Generated by org.testng.reporters.JUnitReportReporter -->
<testsuite hostname="BDC6-L-FCY7FL3" failures="0" tests="3" name="Utilities.Screenshotfirstpage" time="3.296" errors="0" timestamp="2022-06-22T19:02:43 IST" skipped="0">
  <testcase classname="Utilities.Screenshotfirstpage" name="navigatetoapplication" time="2.515"/>
  <system-out/>
  <testcase classname="Utilities.Screenshotfirstpage" name="printalllinksInapplication" time="0.540"/>
  <system-out/>
  <testcase classname="Utilities.Screenshotfirstpage" name="screenshottaken" time="0.241"/>
  <system-out/>
</testsuite> <!-- Utilities.Screenshotfirstpage -->
