<?xml version="1.0" encoding="UTF-8"?>
<!-- Generated by org.testng.reporters.JUnitReportReporter -->
<testsuite hostname="BDC6-L-FCY7FL3" failures="0" tests="1" name="navigatetosite.navigate" time="0.431" errors="0" timestamp="2022-06-25T12:01:10 IST" skipped="0">
  <testcase classname="navigatetosite.navigate" name="navigatetoapplication" time="0.431"/>
  <system-out/>
</testsuite> <!-- navigatetosite.navigate -->
