<?xml version="1.0" encoding="UTF-8"?>
<!-- Generated by org.testng.reporters.JUnitReportReporter -->
<testsuite hostname="BDC6-L-FCY7FL3" failures="0" tests="7" name="navigatetosite.lauchapplicaion" time="0.710" errors="0" timestamp="2022-06-23T22:30:59 IST" skipped="0">
  <testcase classname="navigatetosite.lauchapplicaion" name="heading_and_subheading" time="0.071"/>
  <system-out/>
  <testcase classname="navigatetosite.lauchapplicaion" name="no_of_images" time="0.432"/>
  <system-out/>
  <testcase classname="navigatetosite.lauchapplicaion" name="exploartion" time="0.030"/>
  <system-out/>
  <testcase classname="navigatetosite.lauchapplicaion" name="automation" time="0.038"/>
  <system-out/>
  <testcase classname="navigatetosite.lauchapplicaion" name="infrastructure" time="0.028"/>
  <system-out/>
  <testcase classname="navigatetosite.lauchapplicaion" name="Get_Started" time="0.026"/>
  <system-out/>
  <testcase classname="navigatetosite.lauchapplicaion" name="scrorll_and_click" time="0.085"/>
  <system-out/>
</testsuite> <!-- navigatetosite.lauchapplicaion -->
