<?xml version="1.0" encoding="UTF-8"?>
<!-- Generated by org.testng.reporters.JUnitReportReporter -->
<testsuite hostname="BDC6-L-FCY7FL3" failures="0" tests="7" name="navigatetosite.lauchapplicaion" time="0.528" errors="0" timestamp="2022-06-25T12:01:10 IST" skipped="0">
  <testcase classname="navigatetosite.lauchapplicaion" name="heading_and_subheading" time="0.078"/>
  <system-out/>
  <testcase classname="navigatetosite.lauchapplicaion" name="no_of_images" time="0.169"/>
  <system-out/>
  <testcase classname="navigatetosite.lauchapplicaion" name="exploartion" time="0.044"/>
  <system-out/>
  <testcase classname="navigatetosite.lauchapplicaion" name="automation" time="0.036"/>
  <system-out/>
  <testcase classname="navigatetosite.lauchapplicaion" name="infrastructure" time="0.043"/>
  <system-out/>
  <testcase classname="navigatetosite.lauchapplicaion" name="Get_Started" time="0.037"/>
  <system-out/>
  <testcase classname="navigatetosite.lauchapplicaion" name="scrorll_and_click" time="0.121"/>
  <system-out/>
</testsuite> <!-- navigatetosite.lauchapplicaion -->
