<?xml version="1.0" encoding="UTF-8"?>
<!-- Generated by org.testng.reporters.JUnitReportReporter -->
<testsuite hostname="BDC6-L-FCY7FL3" failures="0" tests="1" name="Workbook.printalllinks" time="11.970" errors="0" timestamp="2022-06-24T17:23:52 IST" skipped="0">
  <testcase classname="Workbook.printalllinks" name="printalllinksInapplication" time="11.970"/>
  <system-out/>
</testsuite> <!-- Workbook.printalllinks -->
