<?xml version="1.0" encoding="UTF-8"?>
<!-- Generated by org.testng.reporters.JUnitReportReporter -->
<testsuite hostname="BDC6-L-FCY7FL3" failures="0" tests="1" name="navigatetosite.printalllinks" time="9.465" errors="0" timestamp="2022-06-25T12:01:10 IST" skipped="0">
  <testcase classname="navigatetosite.printalllinks" name="printalllinksInapplication" time="9.465"/>
  <system-out/>
</testsuite> <!-- navigatetosite.printalllinks -->
