<?xml version="1.0" encoding="UTF-8"?>
<!-- Generated by org.testng.reporters.JUnitReportReporter -->
<testsuite hostname="BDC6-L-FCY7FL3" failures="0" tests="10" name="navigatetosite.login" time="1.219" errors="0" timestamp="2022-06-23T22:30:59 IST" skipped="0">
  <testcase classname="navigatetosite.login" name="screenshot_form_page" time="0.232"/>
  <system-out/>
  <testcase classname="navigatetosite.login" name="heading_and_subheading" time="0.056"/>
  <system-out/>
  <testcase classname="navigatetosite.login" name="no_of_images" time="0.519"/>
  <system-out/>
  <testcase classname="navigatetosite.login" name="book_this_room" time="0.198"/>
  <system-out/>
  <testcase classname="navigatetosite.login" name="login_applicatinon" time="0.025"/>
  <system-out/>
  <testcase classname="navigatetosite.login" name="exploartion" time="0.030"/>
  <system-out/>
  <testcase classname="navigatetosite.login" name="automation" time="0.032"/>
  <system-out/>
  <testcase classname="navigatetosite.login" name="infrastructure" time="0.025"/>
  <system-out/>
  <testcase classname="navigatetosite.login" name="Get_Started" time="0.022"/>
  <system-out/>
  <testcase classname="navigatetosite.login" name="scrorll_and_click" time="0.080"/>
  <system-out/>
</testsuite> <!-- navigatetosite.login -->
